<?xml version="1.0" encoding="UTF-8"?>
<testsuite xmlns:xsi="http://www.w3.org/2001/XMLSchema-instance" xsi:noNamespaceSchemaLocation="https://maven.apache.org/surefire/maven-surefire-plugin/xsd/surefire-test-report.xsd" version="3.0.2" name="com.shutdown.ksservice.KsserviceApplicationTests" time="10.545" tests="1" errors="0" skipped="0" failures="0">
  <properties>
[...]
</properties>
  <testcase name="contextLoads" classname="com.shutdown.ksservice.KsserviceApplicationTests" time="2.515">
    <system-out><![CDATA[16:09:20.431 [main] INFO org.springframework.test.context.support.AnnotationConfigContextLoaderUtils -- Could not detect default configuration classes for test class [com.shutdown.ksservice.KsserviceApplicationTests]: KsserviceApplicationTests does not declare any static, non-private, non-final, nested classes annotated with @Configuration.
16:09:20.804 [main] INFO org.springframework.boot.test.context.SpringBootTestContextBootstrapper -- Found @SpringBootConfiguration com.shutdown.ksservice.KsserviceApplication for test class com.shutdown.ksservice.KsserviceApplicationTests

  .   ____          _            __ _ _
 /\\ / ___'_ __ _ _(_)_ __  __ _ \ \ \ \
( ( )\___ | '_ | '_| | '_ \/ _` | \ \ \ \
 \\/  ___)| |_)| | | | | || (_| |  ) ) ) )
  '  |____| .__|_| |_|_| |_\__, | / / / /
 =========|_|==============|___/=/_/_/_/

 :: Spring Boot ::                (v3.5.0)

2025-05-27T16:09:22.500+05:30  INFO 15208 --- [ksservice] [           main] c.s.ksservice.KsserviceApplicationTests  : Starting KsserviceApplicationTests using Java 17.0.7 with PID 15208 (started by DELL in C:\Users\DELL\Downloads\ksservice\ksservice)
2025-05-27T16:09:22.505+05:30  INFO 15208 --- [ksservice] [           main] c.s.ksservice.KsserviceApplicationTests  : No active profile set, falling back to 1 default profile: "default"
2025-05-27T16:09:27.585+05:30  INFO 15208 --- [ksservice] [           main] o.s.b.a.e.web.EndpointLinksResolver      : Exposing 2 endpoints beneath base path '/actuator'
2025-05-27T16:09:27.754+05:30  INFO 15208 --- [ksservice] [           main] c.s.ksservice.KsserviceApplicationTests  : Started KsserviceApplicationTests in 6.388 seconds (process running for 9.661)
]]></system-out>
  </testcase>
</testsuite>